GROUP,PACKAGE,CLASS,INSTRUCTION_MISSED,INSTRUCTION_COVERED,BRANCH_MISSED,BRANCH_COVERED,LINE_MISSED,LINE_COVERED,COMPLEXITY_MISSED,COMPLEXITY_COVERED,METHOD_MISSED,METHOD_COVERED
hsbc-financial-application,com.hsbc.financial.application.pressure,DataGenerator,372,0,4,0,32,0,8,0,6,0
hsbc-financial-application,com.hsbc.financial.application.listener,TransactionEventListener,36,9,0,0,12,4,3,1,3,1
hsbc-financial-application,com.hsbc.financial.application.controller,PressureTestController,57,3,0,0,17,1,2,1,2,1
hsbc-financial-application,com.hsbc.financial.application.controller,TransactionController,8,30,0,0,2,10,0,3,0,3
hsbc-financial-application,com.hsbc.financial,Application,14,3,0,0,3,1,2,1,2,1
